<?xml version="1.0" encoding="UTF-8"?>
<testng-results total="2" passed="2" failed="0" skipped="0">
  <reporter-output>
  </reporter-output>
  <suite started-at="2021-03-12T12:23:17Z" name="Default suite" finished-at="2021-03-12T12:23:18Z" duration-ms="1464">
    <groups>
      <group name="cucumber">
        <method signature="AbstractTestNGCucumberTests.feature(cucumber.api.testng.CucumberFeatureWrapper)[pri:0, instance:cucumberOptions.TestRuner@5026735c]" name="feature" class="cucumber.api.testng.AbstractTestNGCucumberTests"/>
      </group> <!-- cucumber -->
    </groups>
    <test started-at="2021-03-12T12:23:17Z" name="Default test" finished-at="2021-03-12T12:23:18Z" duration-ms="1464">
      <class name="cucumberOptions.TestRuner">
        <test-method is-config="true" signature="setUpClass()[pri:0, instance:cucumberOptions.TestRuner@5026735c]" started-at="2021-03-12T17:53:17Z" name="setUpClass" finished-at="2021-03-12T17:53:18Z" duration-ms="1052" status="PASS">
          <reporter-output>
          </reporter-output>
        </test-method> <!-- setUpClass -->
        <test-method signature="feature(cucumber.api.testng.CucumberFeatureWrapper)[pri:0, instance:cucumberOptions.TestRuner@5026735c]" started-at="2021-03-12T17:53:18Z" name="feature" description="Runs Cucumber Feature" data-provider="features" finished-at="2021-03-12T17:53:18Z" duration-ms="70" status="PASS">
          <params>
            <param index="0">
              <value>
                <![CDATA[Application Registration Page]]>
              </value>
            </param>
          </params>
          <reporter-output>
          </reporter-output>
        </test-method> <!-- feature -->
        <test-method signature="feature(cucumber.api.testng.CucumberFeatureWrapper)[pri:0, instance:cucumberOptions.TestRuner@5026735c]" started-at="2021-03-12T17:53:18Z" name="feature" description="Runs Cucumber Feature" data-provider="features" finished-at="2021-03-12T17:53:18Z" duration-ms="35" status="PASS">
          <params>
            <param index="0">
              <value>
                <![CDATA[Application Login Page]]>
              </value>
            </param>
          </params>
          <reporter-output>
          </reporter-output>
        </test-method> <!-- feature -->
        <test-method is-config="true" signature="tearDownClass()[pri:0, instance:cucumberOptions.TestRuner@5026735c]" started-at="2021-03-12T17:53:18Z" name="tearDownClass" finished-at="2021-03-12T17:53:18Z" duration-ms="78" status="PASS">
          <reporter-output>
          </reporter-output>
        </test-method> <!-- tearDownClass -->
      </class> <!-- cucumberOptions.TestRuner -->
    </test> <!-- Default test -->
  </suite> <!-- Default suite -->
</testng-results>
